IQ-TREE multicore version 1.6.3 for Linux 64-bit built Mar 22 2018
Developed by Bui Quang Minh, Nguyen Lam Tung, Olga Chernomor,
Heiko Schmidt, Dominik Schrempf, Michael Woodhams.

Host:    staphopia (SSE4.2, 94 GB RAM)
Command: iqtree -s extract-core-cfmasked.fasta -m GTR -nt 11 -pre final-tree -bb 1000 -alrt 1000 -wbt -wbtl
Seed:    330208 (Using SPRNG - Scalable Parallel Random Number Generator)
Time:    Thu Apr 12 10:57:39 2018
Kernel:  SSE2 - 11 threads (12 CPU cores detected)

Reading alignment file extract-core-cfmasked.fasta ... Fasta format detected
Alignment most likely contains DNA/RNA sequences
Alignment has 380 sequences with 700952 columns, 44377 distinct patterns
28572 parsimony-informative, 23009 singleton sites, 649371 constant sites
                         Gap/Ambiguity  Composition  p-value
   1  3528_ERX556762_ST779       0.00%    passed     84.40%
   2  4484_SRX887117_ST752      10.34%    passed     99.13%
   3  2972_ERX490321_ST712       5.02%    passed     99.82%
   4  28339_ERX139321_ST49       6.71%    passed     98.25%
   5  17786_SRX2219221_ST901     6.37%    passed     99.32%
   6  12242_ERX1269074_ST3786    2.94%    passed     95.75%
   7  1340_ERX186342_ST3124      6.95%    passed     45.90%
   8  4279_SRX477010_ST3869      2.94%    passed     95.75%
   9  2838_ERX490159_ST2150      5.02%    passed     99.79%
  10  1707_ERX221189_ST1247      5.02%    passed     99.85%
  11  596_ERX110374_ST2274       6.12%    passed     81.15%
  12  2615_ERX455889_ST1743      5.41%    passed     82.04%
  13  2965_ERX490314_ST3058      5.81%    passed     97.99%
  14  1974_ERX328680_ST3129      5.54%    passed     72.84%
  15  5779_ERX1285998_ST509      7.03%    passed     72.83%
  16  2662_ERX455939_ST2011      5.05%    passed     98.66%
  17  5382_ERX110848_ST3315      5.54%    passed     72.36%
  18  1522_ERX209321_ST3130      2.94%    passed     96.03%
  19  21788_ERX284165_ST599      4.90%    passed     98.95%
  20  1710_ERX221193_ST352       5.85%    passed     94.48%
  21  589_ERX110364_ST9          3.50%    passed     99.85%
  22  2550_ERX360772_ST772       3.86%    passed     99.07%
  23  1395_ERX186596_ST1582      6.12%    passed     81.01%
  24  17986_SRX456475_ST93      11.04%    passed     66.60%
  25  1781_ERX267672_ST890       4.53%    passed     98.82%
  26  7815_ERX385233_ST3469      4.14%    passed     89.36%
  27  4127_SRX1051438_ST3351    15.18%    failed      0.00%
  28  1708_ERX221191_ST3134      3.75%    passed     99.50%
  29  4019_SRX1051322_ST125      2.94%    passed     95.51%
  30  3509_ERX556743_ST3811      6.12%    passed     81.60%
  31  10730_SRX864954_ST10       4.87%    passed     94.76%
  32  7864_ERX385303_ST3442     11.76%    passed     94.78%
  33  7955_ERX385461_ST2255      5.65%    passed     84.94%
  34  3260_ERX552100_ST1649      5.53%    passed     93.02%
  35  4101_SRX1051412_ST15       5.65%    passed     84.72%
  36  3024_ERX490383_ST3615      5.64%    passed     88.18%
  37  522_ERX105445_ST2916       6.12%    passed     81.36%
  38  3017_ERX490372_ST3616      5.02%    passed     99.82%
  39  12225_ERX1269028_ST3785   10.34%    passed     99.17%
  40  440_ERX1033578_ST146       2.94%    passed     96.02%
  41  4055_SRX1051363_ST3436     6.12%    passed     81.34%
  42  12289_ERX1269140_ST3791    6.12%    passed     81.29%
  43  3566_ERX556803_ST3763      5.02%    passed     99.93%
  44  15194_ERX385344_ST3453     4.98%    passed     98.88%
  45  6283_ERX152041_ST3087      5.85%    passed     93.48%
  46  22903_ERX197834_ST2898     9.04%    passed     77.72%
  47  2897_ERX490232_ST1218      4.14%    passed     89.27%
  48  1183_ERX152080_ST3112     11.15%    passed     14.20%
  49  408_ERX1033538_ST3649     10.34%    passed     99.16%
  50  2640_ERX455914_ST2675      5.41%    passed     81.17%
  51  23100_SRX1051502_ST361     4.67%    passed     89.04%
  52  30262_ERX221156_ST1073    10.12%    passed     45.27%
  53  4169_SRX1051483_ST123      4.69%    passed     89.69%
  54  30271_ERX221179_ST1074     3.75%    passed     99.61%
  55  1897_ERX284121_ST3102     10.34%    passed     99.19%
  56  14448_ERX204858_ST3310     5.54%    passed     73.52%
  57  2951_ERX490299_ST3721      5.02%    passed     99.83%
  58  17757_SRX2219177_ST26      3.85%    passed     97.73%
  59  1512_ERX209308_ST3114      6.95%    passed     46.49%
  60  4228_SRX1051547_ST3458     9.04%    passed     77.60%
  61  1706_ERX221188_ST3127     11.15%    passed     14.62%
  62  3905_ERX979780_ST611       5.05%    passed     98.31%
  63  15208_ERX385388_ST333      5.65%    passed     85.91%
  64  3704_ERX910051_ST1290      3.31%    passed     98.37%
  65  2430_ERX359416_ST3138      6.95%    passed     46.45%
  66  12284_ERX1269132_ST3790    2.94%    passed     96.15%
  67  3724_ERX926274_ST3894      2.68%    passed     81.96%
  68  981_ERX1492888_ST1581      6.95%    passed     46.29%
  69  4242_SRX1051561_ST3452     9.04%    passed     78.52%
  70  2713_ERX470614_ST2490      5.05%    passed     99.16%
  71  1663_ERX221133_ST71       11.15%    passed     14.51%
  72  6782_ERX197833_ST2934      3.50%    passed     99.80%
  73  4278_SRX477009_ST72        4.88%    passed     89.34%
  74  2698_ERX460160_ST3092      5.41%    passed     83.48%
  75  990_ERX1492898_ST2460      3.32%    passed     99.77%
  76  1291_ERX186293_ST3132      6.95%    passed     44.59%
  77  831_ERX139238_ST3123       6.95%    passed     44.93%
  78  4183_SRX1051497_ST946      4.69%    passed     90.99%
  79  624_ERX110422_ST229        6.12%    passed     81.60%
  80  23940_ERX1033551_ST2766    4.42%    passed     93.69%
  81  435_ERX1033572_ST3061      6.95%    passed     46.25%
  82  756_ERX132283_ST2014       5.54%    passed     73.18%
  83  3074_ERX551145_ST3772      2.94%    passed     95.76%
  84  15046_ERX376412_ST2417     5.54%    passed     73.48%
  85  12063_ERX113973_ST232      5.54%    passed     73.63%
  86  29940_SRX2147155_ST923     5.54%    passed     73.71%
  87  6775_ERX197772_ST3141      5.64%    passed     88.33%
  88  7808_ERX385188_ST3456      6.12%    passed     81.33%
  89  2785_ERX470730_ST121       4.69%    passed     90.16%
  90  39625_ERX460155_ST2767     4.68%    passed     99.08%
  91  3229_ERX552062_ST1016     15.18%    failed      0.00%
  92  8018_ERX385531_ST3074      2.94%    passed     96.10%
  93  2800_ERX470745_ST1797      5.54%    passed     72.73%
  94  1488_ERX197824_ST2899      6.95%    passed     45.81%
  95  2378_ERX359340_ST3090      5.05%    passed     84.37%
  96  982_ERX1492889_ST692       5.43%    passed     70.26%
  97  4050_SRX1051358_ST1693     4.69%    passed     88.90%
  98  4120_SRX1051431_ST188      4.14%    passed     89.40%
  99  14479_ERX212185_ST3349    12.67%    passed     29.40%
 100  12260_ERX1269101_ST3806    6.12%    passed     81.42%
 101  883_ERX139300_ST3106       6.71%    passed     98.11%
 102  341_ERX094780_ST22         6.12%    passed     81.59%
 103  4277_SRX477008_ST1564     11.81%    passed     95.13%
 104  839_ERX139247_ST3097       5.41%    passed     82.76%
 105  3089_ERX551161_ST3805      2.94%    passed     95.64%
 106  37980_ERX152017_ST446      4.73%    passed     99.76%
 107  260_ERX067791_ST1352       2.94%    passed     95.90%
 108  23982_ERX1033583_ST2682    5.02%    passed     99.83%
 109  4034_SRX1051339_ST1534    11.81%    passed     95.65%
 110  1324_ERX186326_ST3111      6.95%    passed     45.22%
 111  6076_ERX139448_ST219       5.54%    passed     73.93%
 112  2958_ERX490306_ST3044      6.95%    passed     46.12%
 113  1162_ERX152056_ST3109      5.85%    passed     93.18%
 114  18301_SRX791926_ST3170     5.85%    passed     94.46%
 115  23709_ERX385162_ST3559     6.12%    passed     80.91%
 116  34641_SRX866194_ST425      5.41%    passed     82.40%
 117  12194_ERX1268913_ST737     6.12%    passed     80.83%
 118  621_ERX110417_ST149        2.94%    passed     96.34%
 119  6210_ERX139609_ST2391      5.54%    passed     73.60%
 120  7945_ERX385448_ST3459     15.18%    failed      0.00%
 121  418_ERX1033553_ST2328      4.54%    passed     99.04%
 122  1809_ERX275992_ST3094      6.95%    passed     46.70%
 123  6920_ERX209541_ST3348      5.54%    passed     74.23%
 124  7936_ERX385430_ST3430      9.04%    passed     78.76%
 125  23668_ERX385214_ST3532     3.85%    passed     97.36%
 126  433_ERX1033570_ST2377     10.34%    passed     99.03%
 127  17804_SRX2219480_ST338     4.98%    passed     98.68%
 128  40654_ERX110372_ST20       3.68%    passed     96.70%
 129  6005_ERX139357_ST2161      5.54%    passed     73.98%
 130  7814_ERX385218_ST3457      5.65%    passed     84.17%
 131  614_ERX110407_ST36         9.04%    passed     78.61%
 132  4000_SRX1051301_ST250      5.54%    passed     72.72%
 133  11786_ERX110650_ST2440     5.54%    passed     74.09%
 134  3630_ERX589416_ST3692      9.04%    passed     79.17%
 135  12322_ERX1269223_ST2626    2.94%    passed     95.97%
 136  679_ERX120724_ST227        6.95%    passed     45.82%
 137  12404_ERX1269490_ST3795   10.34%    passed     99.15%
 138  27072_ERX376432_ST2438     3.68%    passed     96.40%
 139  19688_ERX359456_ST3140     3.75%    passed     99.29%
 140  4234_SRX1051553_ST1153     3.81%    passed     99.21%
 141  12101_ERX116909_ST3359     5.54%    passed     73.63%
 142  2626_ERX455900_ST2639      5.31%    passed     73.29%
 143  27031_ERX376440_ST2439     3.68%    passed     96.52%
 144  599_ERX110382_ST1207       6.03%    passed     89.88%
 145  4052_SRX1051360_ST3467     2.94%    passed     95.74%
 146  3032_ERX490399_ST3137      5.02%    passed     99.87%
 147  1182_ERX152079_ST3110      5.85%    passed     93.82%
 148  7879_ERX385327_ST95        4.69%    passed     89.57%
 149  1372_ERX186568_ST1586      6.12%    passed     81.27%
 150  2598_ERX455872_ST3119      5.05%    passed     84.49%
 151  6861_ERX209423_ST3346      5.54%    passed     73.52%
 152  20075_ERX212124_ST3096    10.34%    passed     99.13%
 153  40373_SRX2122523_ST225     2.94%    passed     95.77%
 154  6855_ERX209409_ST3344      5.54%    passed     74.10%
 155  2352_ERX359308_ST3716      6.95%    passed     46.52%
 156  2761_ERX470705_ST2430      4.69%    passed     89.87%
 157  1752_ERX267641_ST1958      5.54%    passed     73.57%
 158  4204_SRX1051522_ST39       9.04%    passed     78.44%
 159  7111_ERX276099_ST216       5.54%    passed     73.61%
 160  2458_ERX359449_ST3117      5.64%    passed     88.20%
 161  7930_ERX385418_ST1532     15.18%    failed      0.00%
 162  3322_ERX552176_ST80        3.58%    passed     98.39%
 163  4283_SRX477016_ST3812      2.94%    passed     95.79%
 164  600_ERX110385_ST2031       6.12%    passed     81.28%
 165  870_ERX139284_ST1957       6.71%    passed     98.46%
 166  1583_ERX212094_ST1709     10.34%    passed     99.11%
 167  39019_ERX209354_ST3103     5.64%    passed     88.21%
 168  1799_ERX267690_ST254       5.54%    passed     72.01%
 169  4094_SRX1051405_ST291      8.95%    passed     96.78%
 170  14614_ERX276156_ST3317     5.54%    passed     73.69%
 171  31743_ERX490292_ST3720     5.02%    passed     99.78%
 172  8017_ERX385530_ST3446      5.64%    passed     87.35%
 173  3090_ERX551162_ST3767      6.12%    passed     79.67%
 174  1338_ERX186340_ST3108      6.95%    passed     45.91%
 175  5771_ERX1285972_ST2569    10.93%    passed     98.09%
 176  4501_SRX887142_ST1232     10.34%    passed     99.10%
 177  23955_ERX1033561_ST2849    0.00%    passed     83.61%
 178  20348_SRX476963_ST109      3.50%    passed     99.74%
 179  14494_ERX212212_ST3350     5.54%    passed     73.03%
 180  2970_ERX490319_ST701       5.02%    passed     99.83%
 181  3634_ERX589420_ST2305      5.02%    passed     99.72%
 182  40351_SRX2122562_ST3885    5.54%    passed     73.63%
 183  4419_SRX887024_ST2197     10.34%    passed     99.17%
 184  9540_ERX552039_ST3784     15.19%    failed      0.00%
 185  2439_ERX359425_ST3120      5.41%    passed     82.65%
 186  15094_ERX384792_ST3529     2.94%    passed     95.68%
 187  4184_SRX1051498_ST3932     9.04%    passed     78.24%
 188  15199_ERX385359_ST3423     9.04%    passed     78.79%
 189  31746_ERX490376_ST3617     5.64%    passed     88.11%
 190  6140_ERX139517_ST1540      5.54%    passed     73.90%
 191  7998_ERX385510_ST3437      9.04%    passed     78.29%
 192  4167_SRX1051481_ST30       9.04%    passed     77.80%
 193  2947_ERX490295_ST136       4.84%    passed     98.11%
 194  7803_ERX385143_ST3449      4.69%    passed     89.52%
 195  2359_ERX359315_ST3088      2.94%    passed     95.51%
 196  2934_ERX490281_ST132       5.02%    passed     99.71%
 197  14455_ERX204870_ST3311     5.54%    passed     74.01%
 198  23706_ERX385171_ST3530     9.04%    passed     77.47%
 199  1690_ERX221167_ST133       5.02%    passed     99.83%
 200  808_ERX132355_ST3095       6.95%    passed     45.39%
 201  31732_ERX490324_ST522      5.39%    passed     77.96%
 202  2895_ERX490230_ST3142      4.50%    passed     95.40%
 203  12359_ERX1269274_ST913     4.26%    passed     98.11%
 204  877_ERX139294_ST1956       4.42%    passed     94.35%
 205  1774_ERX267665_ST3366      6.95%    passed     44.70%
 206  675_ERX120720_ST130        6.95%    passed     45.57%
 207  10731_SRX864956_ST700      6.95%    passed     45.68%
 208  2824_ERX490129_ST750       5.02%    passed     99.89%
 209  625_ERX110424_ST2894       6.12%    passed     81.41%
 210  3344_ERX552208_ST228       2.94%    passed     95.68%
 211  4091_SRX1051402_ST582      5.50%    passed     85.85%
 212  1144_ERX152032_ST3104     11.15%    passed     13.79%
 213  636_ERX120678_ST1526       6.95%    passed     46.25%
 214  7680_ERX360785_ST2160      4.83%    passed     87.77%
 215  4130_SRX1051441_ST182      5.05%    passed     98.60%
 216  7856_ERX385293_ST3470      5.54%    passed     73.94%
 217  4060_SRX1051368_ST1        5.64%    passed     87.84%
 218  2617_ERX455891_ST3105      5.41%    passed     81.88%
 219  11771_ERX110631_ST828      5.54%    passed     73.16%
 220  5777_ERX1285993_ST730      2.94%    passed     95.90%
 221  2774_ERX470719_ST1820      4.07%    passed     75.94%
 222  6972_ERX212248_ST3358      5.54%    passed     74.20%
 223  1431_ERX186635_ST1579      2.94%    passed     95.75%
 224  34160_ERX384688_ST1536     9.04%    passed     79.27%
 225  23655_ERX385155_ST46      15.18%    failed      0.00%
 226  3549_ERX556785_ST3762      2.94%    passed     96.17%
 227  15034_ERX376396_ST1094    12.27%    passed     92.44%
 228  1797_ERX267688_ST1764      6.95%    passed     45.97%
 229  12337_ERX1269245_ST789     4.95%    passed     99.74%
 230  4110_SRX1051421_ST3455     6.12%    passed     81.47%
 231  823_ERX132371_ST2024       6.95%    passed     45.79%
 232  12482_ERX1269772_ST3788    6.12%    passed     81.42%
 233  1803_ERX267696_ST707       5.19%    passed     93.33%
 234  3633_ERX589419_ST433       9.04%    passed     78.74%
 235  4192_SRX1051508_ST1165    15.18%    failed      0.00%
 236  1552_ERX209366_ST3136      6.12%    passed     81.28%
 237  7826_ERX385260_ST3443     15.18%    failed      0.00%
 238  5402_ERX110871_ST3316      5.54%    passed     72.83%
 239  12318_ERX1269214_ST2689    2.94%    passed     95.79%
 240  27047_ERX376477_ST2443    15.18%    failed      0.00%
 241  23092_SRX1051309_ST54     15.18%    failed      0.00%
 242  15064_ERX376448_ST2452     2.94%    passed     95.68%
 243  7933_ERX385423_ST630       5.92%    passed     78.14%
 244  1424_ERX186628_ST1245      6.95%    passed     46.14%
 245  1547_ERX209359_ST3116      3.85%    passed     97.71%
 246  15043_ERX376407_ST2437     2.94%    passed     95.95%
 247  353_ERX100648_ST218        6.12%    passed     81.49%
 248  1777_ERX267668_ST521       5.05%    passed     99.05%
 249  18303_SRX791933_ST3173    11.15%    passed     14.36%
 250  4287_SRX477024_ST552       5.54%    passed     73.16%
 251  1134_ERX152020_ST138       6.71%    passed     98.02%
 252  2704_ERX470605_ST1945      6.95%    passed     46.84%
 253  4199_SRX1051516_ST6        5.53%    passed     93.11%
 254  1641_ERX212158_ST177       4.10%    passed     98.34%
 255  4237_SRX1051556_ST34      11.81%    passed     95.73%
 256  31740_ERX490237_ST419      5.02%    passed     99.81%
 257  1131_ERX152013_ST2179      4.90%    passed     98.83%
 258  15219_ERX385405_ST3435     4.98%    passed     98.56%
 259  3703_ERX910050_ST97        5.85%    passed     95.09%
 260  2779_ERX470724_ST88        4.07%    passed     76.21%
 261  2592_ERX455866_ST3091      5.05%    passed     84.73%
 262  9554_ERX552134_ST3778      2.94%    passed     95.92%
 263  3441_ERX556673_ST3691      5.64%    passed     88.13%
 264  3701_ERX910048_ST152      16.38%    passed     57.73%
 265  23942_ERX1033560_ST126     4.00%    passed     99.40%
 266  7804_ERX385144_ST3454      6.12%    passed     80.55%
 267  1303_ERX186305_ST3133      6.95%    passed     45.64%
 268  3429_ERX556658_ST3760      3.85%    passed     97.43%
 269  2955_ERX490303_ST3837      5.85%    passed     94.56%
 270  4179_SRX1051493_ST25       3.85%    passed     97.66%
 271  931_ERX147798_ST247        5.54%    passed     71.59%
 272  15210_ERX385391_ST81       5.64%    passed     88.81%
 273  973_ERX147854_ST2046       6.12%    passed     81.36%
 274  3759_ERX926370_ST3881      2.68%    passed     81.86%
 275  4141_SRX1051454_ST3468     5.65%    passed     84.42%
 276  9525_ERX551557_ST3774      6.12%    passed     81.48%
 277  979_ERX1492886_ST1583      6.95%    passed     46.01%
 278  375_ERX1027819_ST479       4.02%    passed     99.96%
 279  5564_ERX113350_ST830       5.54%    passed     73.93%
 280  7782_ERX385118_ST580      11.27%    passed     98.31%
 281  20395_SRX2369545_ST243    10.37%    passed      7.01%
 282  5401_ERX110870_ST94        5.54%    passed     72.73%
 283  1837_ERX276022_ST3139      6.95%    passed     45.78%
 284  4267_SRX476967_ST3781      5.54%    passed     73.02%
 285  20066_ERX212156_ST816      6.33%    passed     84.23%
 286  15215_ERX385397_ST3535     8.95%    passed     97.11%
 287  2807_ERX470753_ST3118      4.92%    passed     90.46%
 288  3098_ERX551171_ST3773     10.34%    passed     99.12%
 289  2350_ERX359306_ST2676      6.95%    passed     47.94%
 290  7898_ERX385356_ST3427      6.12%    passed     79.95%
 291  31710_ERX490131_ST1729     5.02%    passed     99.77%
 292  1677_ERX221148_ST398      10.34%    passed     99.06%
 293  1355_ERX186358_ST3093      5.02%    passed     99.86%
 294  641_ERX120683_ST1943       5.05%    passed     84.50%
 295  12080_ERX114014_ST3314     5.54%    passed     73.84%
 296  2925_ERX490270_ST2488      5.02%    passed     99.81%
 297  17790_SRX2219265_ST101     4.45%    passed     92.65%
 298  2630_ERX455904_ST2640      5.41%    passed     83.16%
 299  850_ERX139260_ST3107       6.95%    passed     45.75%
 300  841_ERX139249_ST1021       4.73%    passed     99.82%
 301  15086_ERX384694_ST2047     9.04%    passed     78.31%
 302  1756_ERX267645_ST2616      4.63%    passed     99.98%
 303  23097_SRX1051572_ST508    15.18%    failed      0.00%
 304  2834_ERX490145_ST3718      5.02%    passed     99.84%
 305  7870_ERX385312_ST1224      4.98%    passed     98.71%
 306  1714_ERX221198_ST1859      5.85%    passed     94.27%
 307  1765_ERX267656_ST3365      4.69%    passed     89.89%
 308  1754_ERX267643_ST1944      6.95%    passed     45.20%
 309  314_ERX094751_ST2893       6.12%    passed     81.48%
 310  2465_ERX359459_ST2826      5.85%    passed     94.13%
 311  409_ERX1033539_ST1570     10.34%    passed     98.96%
 312  3086_ERX551158_ST3798     10.35%    passed     99.17%
 313  4087_SRX1051398_ST3931     2.94%    passed     96.04%
 314  4123_SRX1051434_ST59       4.98%    passed     98.66%
 315  477_ERX104859_ST2371       6.12%    passed     80.02%
 316  790_ERX132327_ST2173       5.05%    passed     84.60%
 317  2410_ERX359396_ST3126      8.95%    passed     96.87%
 318  1716_ERX221200_ST3125      5.85%    passed     94.16%
 319  3427_ERX556656_ST1560     15.18%    failed      0.00%
 320  9533_ERX551816_ST3775      6.12%    passed     81.61%
 321  7893_ERX385348_ST3451      5.54%    passed     73.50%
 322  1562_ERX209383_ST3341      5.54%    passed     72.77%
 323  12327_ERX1269230_ST3792    5.54%    passed     72.38%
 324  661_ERX120705_ST2273       6.71%    passed     98.26%
 325  7790_ERX385128_ST3426      6.56%    passed     63.13%
 326  31755_ERX186615_ST1580     9.04%    passed     78.21%
 327  4084_SRX1051395_ST7        4.95%    passed     99.67%
 328  14692_ERX311502_ST3330     5.54%    passed     73.77%
 329  8015_ERX385528_ST1163      9.04%    passed     77.39%
 330  4188_SRX1051504_ST78       4.07%    passed     77.62%
 331  1117_ERX151999_ST3098     11.76%    passed     94.91%
 332  11801_ERX110677_ST230      5.54%    passed     73.05%
 333  7963_ERX385470_ST1535      5.65%    passed     84.32%
 334  1757_ERX267646_ST2361      5.05%    passed     84.96%
 335  1643_ERX212161_ST3113      6.12%    passed     81.42%
 336  3444_ERX556677_ST478       5.02%    passed     99.76%
 337  2365_ERX359322_ST3528      6.95%    passed     46.22%
 338  7786_ERX385123_ST646       5.54%    passed     73.29%
 339  2700_ERX460162_ST2257      6.12%    passed     80.54%
 340  4109_SRX1051420_ST50       5.02%    passed     99.57%
 341  23699_ERX385133_ST3464    15.18%    failed      0.00%
 342  12394_ERX1269476_ST3794   10.34%    passed     99.04%
 343  591_ERX110366_ST2905       2.94%    passed     95.55%
 344  3324_ERX552179_ST3780      2.94%    passed     96.01%
 345  11864_ERX110757_ST2750     5.86%    passed     88.40%
 346  1128_ERX152010_ST2573      6.95%    passed     45.62%
 347  15220_ERX385407_ST3536    15.18%    failed      0.00%
 348  31718_ERX490219_ST3800     5.02%    passed     99.87%
 349  37312_ERX676585_ST239     12.67%    passed     26.98%
 350  2618_ERX455892_ST1739      6.95%    passed     44.50%
 351  4290_SRX477027_ST45       13.73%    failed      1.54%
 352  3603_ERX556844_ST3820      5.02%    passed     99.87%
 353  17767_SRX2219190_ST5       2.94%    passed     96.42%
 354  1684_ERX221160_ST1126     11.15%    passed     13.83%
 355  14465_ERX204897_ST8        5.54%    passed     73.68%
 356  7822_ERX385253_ST3439      6.37%    passed     99.20%
 357  7993_ERX385504_ST3448      4.88%    passed     89.74%
 358  40636_ERX110351_ST605      9.04%    passed     78.40%
 359  7691_ERX376490_ST2445      5.65%    passed     84.39%
 360  27059_ERX376484_ST2444     9.04%    passed     80.16%
 361  4106_SRX1051417_ST12       6.37%    passed     99.11%
 362  3694_ERX910041_ST2126      5.65%    passed     85.93%
 363  2854_ERX490180_ST481       5.02%    passed     99.75%
 364  12495_ERX1285974_ST2533    8.99%    passed     95.55%
 365  1914_ERX284138_ST3101     10.34%    passed     99.01%
 366  31681_ERX490254_ST2491     5.02%    passed     99.84%
 367  1825_ERX276008_ST3122      6.12%    passed     81.67%
 368  4402_SRX886997_ST4159     10.34%    passed     99.07%
 369  549_ERX105473_ST105        2.94%    passed     96.04%
 370  849_ERX139259_ST3131       6.95%    passed     45.74%
 371  905_ERX139326_ST718        6.73%    passed     97.30%
 372  1002_ERX1492910_ST1571     6.95%    passed     46.63%
 373  3609_ERX556850_ST3765      6.95%    passed     45.83%
 374  6006_ERX139358_ST2188      5.54%    passed     73.45%
 375  3055_ERX551116_ST3768      2.94%    passed     95.78%
 376  2414_ERX359400_ST2508      4.90%    passed     98.79%
 377  1623_ERX212136_ST3115      6.95%    passed     46.03%
 378  7798_ERX385138_ST3441      6.12%    passed     81.05%
 379  2431_ERX359417_ST2944      6.95%    passed     47.53%
 380  1715_ERX221199_ST151       3.75%    passed     99.50%
****  TOTAL                      6.38%  15 sequences failed composition chi2 test (p-value<5%; df=3)
NOTE: minimal branch length is reduced to 0.000000142663 for long alignment

Create initial parsimony tree by phylogenetic likelihood library (PLL)... 4.552 seconds
Generating 1000 samples for ultrafast bootstrap (seed: 330208)...

NOTE: 716 MB RAM (0 GB) is required!
Estimate model parameters (epsilon = 0.100)
1. Initial log-likelihood: -1931658.314

******************************************************
CHECKPOINT: Resuming analysis from final-tree.ckp.gz

IQ-TREE multicore version 1.6.3 for Linux 64-bit built Mar 22 2018
Developed by Bui Quang Minh, Nguyen Lam Tung, Olga Chernomor,
Heiko Schmidt, Dominik Schrempf, Michael Woodhams.

Host:    staphopia (SSE4.2, 94 GB RAM)
Command: iqtree -s extract-core-cfmasked.fasta -m GTR -nt 11 -pre final-tree -bb 1000 -alrt 1000 -wbt -wbtl -alninfo
Seed:    191660 (Using SPRNG - Scalable Parallel Random Number Generator)
Time:    Thu Apr 12 11:15:24 2018
Kernel:  SSE2 - 11 threads (12 CPU cores detected)

WARNING: Number of command-line arguments differs from checkpoint
WARNING: Command-line differs from checkpoint!
Reading alignment file extract-core-cfmasked.fasta ... Fasta format detected
Alignment most likely contains DNA/RNA sequences
Alignment has 380 sequences with 700952 columns, 44377 distinct patterns
28572 parsimony-informative, 23009 singleton sites, 649371 constant sites
                         Gap/Ambiguity  Composition  p-value
   1  3528_ERX556762_ST779       0.00%    passed     84.40%
   2  4484_SRX887117_ST752      10.34%    passed     99.13%
   3  2972_ERX490321_ST712       5.02%    passed     99.82%
   4  28339_ERX139321_ST49       6.71%    passed     98.25%
   5  17786_SRX2219221_ST901     6.37%    passed     99.32%
   6  12242_ERX1269074_ST3786    2.94%    passed     95.75%
   7  1340_ERX186342_ST3124      6.95%    passed     45.90%
   8  4279_SRX477010_ST3869      2.94%    passed     95.75%
   9  2838_ERX490159_ST2150      5.02%    passed     99.79%
  10  1707_ERX221189_ST1247      5.02%    passed     99.85%
  11  596_ERX110374_ST2274       6.12%    passed     81.15%
  12  2615_ERX455889_ST1743      5.41%    passed     82.04%
  13  2965_ERX490314_ST3058      5.81%    passed     97.99%
  14  1974_ERX328680_ST3129      5.54%    passed     72.84%
  15  5779_ERX1285998_ST509      7.03%    passed     72.83%
  16  2662_ERX455939_ST2011      5.05%    passed     98.66%
  17  5382_ERX110848_ST3315      5.54%    passed     72.36%
  18  1522_ERX209321_ST3130      2.94%    passed     96.03%
  19  21788_ERX284165_ST599      4.90%    passed     98.95%
  20  1710_ERX221193_ST352       5.85%    passed     94.48%
  21  589_ERX110364_ST9          3.50%    passed     99.85%
  22  2550_ERX360772_ST772       3.86%    passed     99.07%
  23  1395_ERX186596_ST1582      6.12%    passed     81.01%
  24  17986_SRX456475_ST93      11.04%    passed     66.60%
  25  1781_ERX267672_ST890       4.53%    passed     98.82%
  26  7815_ERX385233_ST3469      4.14%    passed     89.36%
  27  4127_SRX1051438_ST3351    15.18%    failed      0.00%
  28  1708_ERX221191_ST3134      3.75%    passed     99.50%
  29  4019_SRX1051322_ST125      2.94%    passed     95.51%
  30  3509_ERX556743_ST3811      6.12%    passed     81.60%
  31  10730_SRX864954_ST10       4.87%    passed     94.76%
  32  7864_ERX385303_ST3442     11.76%    passed     94.78%
  33  7955_ERX385461_ST2255      5.65%    passed     84.94%
  34  3260_ERX552100_ST1649      5.53%    passed     93.02%
  35  4101_SRX1051412_ST15       5.65%    passed     84.72%
  36  3024_ERX490383_ST3615      5.64%    passed     88.18%
  37  522_ERX105445_ST2916       6.12%    passed     81.36%
  38  3017_ERX490372_ST3616      5.02%    passed     99.82%
  39  12225_ERX1269028_ST3785   10.34%    passed     99.17%
  40  440_ERX1033578_ST146       2.94%    passed     96.02%
  41  4055_SRX1051363_ST3436     6.12%    passed     81.34%
  42  12289_ERX1269140_ST3791    6.12%    passed     81.29%
  43  3566_ERX556803_ST3763      5.02%    passed     99.93%
  44  15194_ERX385344_ST3453     4.98%    passed     98.88%
  45  6283_ERX152041_ST3087      5.85%    passed     93.48%
  46  22903_ERX197834_ST2898     9.04%    passed     77.72%
  47  2897_ERX490232_ST1218      4.14%    passed     89.27%
  48  1183_ERX152080_ST3112     11.15%    passed     14.20%
  49  408_ERX1033538_ST3649     10.34%    passed     99.16%
  50  2640_ERX455914_ST2675      5.41%    passed     81.17%
  51  23100_SRX1051502_ST361     4.67%    passed     89.04%
  52  30262_ERX221156_ST1073    10.12%    passed     45.27%
  53  4169_SRX1051483_ST123      4.69%    passed     89.69%
  54  30271_ERX221179_ST1074     3.75%    passed     99.61%
  55  1897_ERX284121_ST3102     10.34%    passed     99.19%
  56  14448_ERX204858_ST3310     5.54%    passed     73.52%
  57  2951_ERX490299_ST3721      5.02%    passed     99.83%
  58  17757_SRX2219177_ST26      3.85%    passed     97.73%
  59  1512_ERX209308_ST3114      6.95%    passed     46.49%
  60  4228_SRX1051547_ST3458     9.04%    passed     77.60%
  61  1706_ERX221188_ST3127     11.15%    passed     14.62%
  62  3905_ERX979780_ST611       5.05%    passed     98.31%
  63  15208_ERX385388_ST333      5.65%    passed     85.91%
  64  3704_ERX910051_ST1290      3.31%    passed     98.37%
  65  2430_ERX359416_ST3138      6.95%    passed     46.45%
  66  12284_ERX1269132_ST3790    2.94%    passed     96.15%
  67  3724_ERX926274_ST3894      2.68%    passed     81.96%
  68  981_ERX1492888_ST1581      6.95%    passed     46.29%
  69  4242_SRX1051561_ST3452     9.04%    passed     78.52%
  70  2713_ERX470614_ST2490      5.05%    passed     99.16%
  71  1663_ERX221133_ST71       11.15%    passed     14.51%
  72  6782_ERX197833_ST2934      3.50%    passed     99.80%
  73  4278_SRX477009_ST72        4.88%    passed     89.34%
  74  2698_ERX460160_ST3092      5.41%    passed     83.48%
  75  990_ERX1492898_ST2460      3.32%    passed     99.77%
  76  1291_ERX186293_ST3132      6.95%    passed     44.59%
  77  831_ERX139238_ST3123       6.95%    passed     44.93%
  78  4183_SRX1051497_ST946      4.69%    passed     90.99%
  79  624_ERX110422_ST229        6.12%    passed     81.60%
  80  23940_ERX1033551_ST2766    4.42%    passed     93.69%
  81  435_ERX1033572_ST3061      6.95%    passed     46.25%
  82  756_ERX132283_ST2014       5.54%    passed     73.18%
  83  3074_ERX551145_ST3772      2.94%    passed     95.76%
  84  15046_ERX376412_ST2417     5.54%    passed     73.48%
  85  12063_ERX113973_ST232      5.54%    passed     73.63%
  86  29940_SRX2147155_ST923     5.54%    passed     73.71%
  87  6775_ERX197772_ST3141      5.64%    passed     88.33%
  88  7808_ERX385188_ST3456      6.12%    passed     81.33%
  89  2785_ERX470730_ST121       4.69%    passed     90.16%
  90  39625_ERX460155_ST2767     4.68%    passed     99.08%
  91  3229_ERX552062_ST1016     15.18%    failed      0.00%
  92  8018_ERX385531_ST3074      2.94%    passed     96.10%
  93  2800_ERX470745_ST1797      5.54%    passed     72.73%
  94  1488_ERX197824_ST2899      6.95%    passed     45.81%
  95  2378_ERX359340_ST3090      5.05%    passed     84.37%
  96  982_ERX1492889_ST692       5.43%    passed     70.26%
  97  4050_SRX1051358_ST1693     4.69%    passed     88.90%
  98  4120_SRX1051431_ST188      4.14%    passed     89.40%
  99  14479_ERX212185_ST3349    12.67%    passed     29.40%
 100  12260_ERX1269101_ST3806    6.12%    passed     81.42%
 101  883_ERX139300_ST3106       6.71%    passed     98.11%
 102  341_ERX094780_ST22         6.12%    passed     81.59%
 103  4277_SRX477008_ST1564     11.81%    passed     95.13%
 104  839_ERX139247_ST3097       5.41%    passed     82.76%
 105  3089_ERX551161_ST3805      2.94%    passed     95.64%
 106  37980_ERX152017_ST446      4.73%    passed     99.76%
 107  260_ERX067791_ST1352       2.94%    passed     95.90%
 108  23982_ERX1033583_ST2682    5.02%    passed     99.83%
 109  4034_SRX1051339_ST1534    11.81%    passed     95.65%
 110  1324_ERX186326_ST3111      6.95%    passed     45.22%
 111  6076_ERX139448_ST219       5.54%    passed     73.93%
 112  2958_ERX490306_ST3044      6.95%    passed     46.12%
 113  1162_ERX152056_ST3109      5.85%    passed     93.18%
 114  18301_SRX791926_ST3170     5.85%    passed     94.46%
 115  23709_ERX385162_ST3559     6.12%    passed     80.91%
 116  34641_SRX866194_ST425      5.41%    passed     82.40%
 117  12194_ERX1268913_ST737     6.12%    passed     80.83%
 118  621_ERX110417_ST149        2.94%    passed     96.34%
 119  6210_ERX139609_ST2391      5.54%    passed     73.60%
 120  7945_ERX385448_ST3459     15.18%    failed      0.00%
 121  418_ERX1033553_ST2328      4.54%    passed     99.04%
 122  1809_ERX275992_ST3094      6.95%    passed     46.70%
 123  6920_ERX209541_ST3348      5.54%    passed     74.23%
 124  7936_ERX385430_ST3430      9.04%    passed     78.76%
 125  23668_ERX385214_ST3532     3.85%    passed     97.36%
 126  433_ERX1033570_ST2377     10.34%    passed     99.03%
 127  17804_SRX2219480_ST338     4.98%    passed     98.68%
 128  40654_ERX110372_ST20       3.68%    passed     96.70%
 129  6005_ERX139357_ST2161      5.54%    passed     73.98%
 130  7814_ERX385218_ST3457      5.65%    passed     84.17%
 131  614_ERX110407_ST36         9.04%    passed     78.61%
 132  4000_SRX1051301_ST250      5.54%    passed     72.72%
 133  11786_ERX110650_ST2440     5.54%    passed     74.09%
 134  3630_ERX589416_ST3692      9.04%    passed     79.17%
 135  12322_ERX1269223_ST2626    2.94%    passed     95.97%
 136  679_ERX120724_ST227        6.95%    passed     45.82%
 137  12404_ERX1269490_ST3795   10.34%    passed     99.15%
 138  27072_ERX376432_ST2438     3.68%    passed     96.40%
 139  19688_ERX359456_ST3140     3.75%    passed     99.29%
 140  4234_SRX1051553_ST1153     3.81%    passed     99.21%
 141  12101_ERX116909_ST3359     5.54%    passed     73.63%
 142  2626_ERX455900_ST2639      5.31%    passed     73.29%
 143  27031_ERX376440_ST2439     3.68%    passed     96.52%
 144  599_ERX110382_ST1207       6.03%    passed     89.88%
 145  4052_SRX1051360_ST3467     2.94%    passed     95.74%
 146  3032_ERX490399_ST3137      5.02%    passed     99.87%
 147  1182_ERX152079_ST3110      5.85%    passed     93.82%
 148  7879_ERX385327_ST95        4.69%    passed     89.57%
 149  1372_ERX186568_ST1586      6.12%    passed     81.27%
 150  2598_ERX455872_ST3119      5.05%    passed     84.49%
 151  6861_ERX209423_ST3346      5.54%    passed     73.52%
 152  20075_ERX212124_ST3096    10.34%    passed     99.13%
 153  40373_SRX2122523_ST225     2.94%    passed     95.77%
 154  6855_ERX209409_ST3344      5.54%    passed     74.10%
 155  2352_ERX359308_ST3716      6.95%    passed     46.52%
 156  2761_ERX470705_ST2430      4.69%    passed     89.87%
 157  1752_ERX267641_ST1958      5.54%    passed     73.57%
 158  4204_SRX1051522_ST39       9.04%    passed     78.44%
 159  7111_ERX276099_ST216       5.54%    passed     73.61%
 160  2458_ERX359449_ST3117      5.64%    passed     88.20%
 161  7930_ERX385418_ST1532     15.18%    failed      0.00%
 162  3322_ERX552176_ST80        3.58%    passed     98.39%
 163  4283_SRX477016_ST3812      2.94%    passed     95.79%
 164  600_ERX110385_ST2031       6.12%    passed     81.28%
 165  870_ERX139284_ST1957       6.71%    passed     98.46%
 166  1583_ERX212094_ST1709     10.34%    passed     99.11%
 167  39019_ERX209354_ST3103     5.64%    passed     88.21%
 168  1799_ERX267690_ST254       5.54%    passed     72.01%
 169  4094_SRX1051405_ST291      8.95%    passed     96.78%
 170  14614_ERX276156_ST3317     5.54%    passed     73.69%
 171  31743_ERX490292_ST3720     5.02%    passed     99.78%
 172  8017_ERX385530_ST3446      5.64%    passed     87.35%
 173  3090_ERX551162_ST3767      6.12%    passed     79.67%
 174  1338_ERX186340_ST3108      6.95%    passed     45.91%
 175  5771_ERX1285972_ST2569    10.93%    passed     98.09%
 176  4501_SRX887142_ST1232     10.34%    passed     99.10%
 177  23955_ERX1033561_ST2849    0.00%    passed     83.61%
 178  20348_SRX476963_ST109      3.50%    passed     99.74%
 179  14494_ERX212212_ST3350     5.54%    passed     73.03%
 180  2970_ERX490319_ST701       5.02%    passed     99.83%
 181  3634_ERX589420_ST2305      5.02%    passed     99.72%
 182  40351_SRX2122562_ST3885    5.54%    passed     73.63%
 183  4419_SRX887024_ST2197     10.34%    passed     99.17%
 184  9540_ERX552039_ST3784     15.19%    failed      0.00%
 185  2439_ERX359425_ST3120      5.41%    passed     82.65%
 186  15094_ERX384792_ST3529     2.94%    passed     95.68%
 187  4184_SRX1051498_ST3932     9.04%    passed     78.24%
 188  15199_ERX385359_ST3423     9.04%    passed     78.79%
 189  31746_ERX490376_ST3617     5.64%    passed     88.11%
 190  6140_ERX139517_ST1540      5.54%    passed     73.90%
 191  7998_ERX385510_ST3437      9.04%    passed     78.29%
 192  4167_SRX1051481_ST30       9.04%    passed     77.80%
 193  2947_ERX490295_ST136       4.84%    passed     98.11%
 194  7803_ERX385143_ST3449      4.69%    passed     89.52%
 195  2359_ERX359315_ST3088      2.94%    passed     95.51%
 196  2934_ERX490281_ST132       5.02%    passed     99.71%
 197  14455_ERX204870_ST3311     5.54%    passed     74.01%
 198  23706_ERX385171_ST3530     9.04%    passed     77.47%
 199  1690_ERX221167_ST133       5.02%    passed     99.83%
 200  808_ERX132355_ST3095       6.95%    passed     45.39%
 201  31732_ERX490324_ST522      5.39%    passed     77.96%
 202  2895_ERX490230_ST3142      4.50%    passed     95.40%
 203  12359_ERX1269274_ST913     4.26%    passed     98.11%
 204  877_ERX139294_ST1956       4.42%    passed     94.35%
 205  1774_ERX267665_ST3366      6.95%    passed     44.70%
 206  675_ERX120720_ST130        6.95%    passed     45.57%
 207  10731_SRX864956_ST700      6.95%    passed     45.68%
 208  2824_ERX490129_ST750       5.02%    passed     99.89%
 209  625_ERX110424_ST2894       6.12%    passed     81.41%
 210  3344_ERX552208_ST228       2.94%    passed     95.68%
 211  4091_SRX1051402_ST582      5.50%    passed     85.85%
 212  1144_ERX152032_ST3104     11.15%    passed     13.79%
 213  636_ERX120678_ST1526       6.95%    passed     46.25%
 214  7680_ERX360785_ST2160      4.83%    passed     87.77%
 215  4130_SRX1051441_ST182      5.05%    passed     98.60%
 216  7856_ERX385293_ST3470      5.54%    passed     73.94%
 217  4060_SRX1051368_ST1        5.64%    passed     87.84%
 218  2617_ERX455891_ST3105      5.41%    passed     81.88%
 219  11771_ERX110631_ST828      5.54%    passed     73.16%
 220  5777_ERX1285993_ST730      2.94%    passed     95.90%
 221  2774_ERX470719_ST1820      4.07%    passed     75.94%
 222  6972_ERX212248_ST3358      5.54%    passed     74.20%
 223  1431_ERX186635_ST1579      2.94%    passed     95.75%
 224  34160_ERX384688_ST1536     9.04%    passed     79.27%
 225  23655_ERX385155_ST46      15.18%    failed      0.00%
 226  3549_ERX556785_ST3762      2.94%    passed     96.17%
 227  15034_ERX376396_ST1094    12.27%    passed     92.44%
 228  1797_ERX267688_ST1764      6.95%    passed     45.97%
 229  12337_ERX1269245_ST789     4.95%    passed     99.74%
 230  4110_SRX1051421_ST3455     6.12%    passed     81.47%
 231  823_ERX132371_ST2024       6.95%    passed     45.79%
 232  12482_ERX1269772_ST3788    6.12%    passed     81.42%
 233  1803_ERX267696_ST707       5.19%    passed     93.33%
 234  3633_ERX589419_ST433       9.04%    passed     78.74%
 235  4192_SRX1051508_ST1165    15.18%    failed      0.00%
 236  1552_ERX209366_ST3136      6.12%    passed     81.28%
 237  7826_ERX385260_ST3443     15.18%    failed      0.00%
 238  5402_ERX110871_ST3316      5.54%    passed     72.83%
 239  12318_ERX1269214_ST2689    2.94%    passed     95.79%
 240  27047_ERX376477_ST2443    15.18%    failed      0.00%
 241  23092_SRX1051309_ST54     15.18%    failed      0.00%
 242  15064_ERX376448_ST2452     2.94%    passed     95.68%
 243  7933_ERX385423_ST630       5.92%    passed     78.14%
 244  1424_ERX186628_ST1245      6.95%    passed     46.14%
 245  1547_ERX209359_ST3116      3.85%    passed     97.71%
 246  15043_ERX376407_ST2437     2.94%    passed     95.95%
 247  353_ERX100648_ST218        6.12%    passed     81.49%
 248  1777_ERX267668_ST521       5.05%    passed     99.05%
 249  18303_SRX791933_ST3173    11.15%    passed     14.36%
 250  4287_SRX477024_ST552       5.54%    passed     73.16%
 251  1134_ERX152020_ST138       6.71%    passed     98.02%
 252  2704_ERX470605_ST1945      6.95%    passed     46.84%
 253  4199_SRX1051516_ST6        5.53%    passed     93.11%
 254  1641_ERX212158_ST177       4.10%    passed     98.34%
 255  4237_SRX1051556_ST34      11.81%    passed     95.73%
 256  31740_ERX490237_ST419      5.02%    passed     99.81%
 257  1131_ERX152013_ST2179      4.90%    passed     98.83%
 258  15219_ERX385405_ST3435     4.98%    passed     98.56%
 259  3703_ERX910050_ST97        5.85%    passed     95.09%
 260  2779_ERX470724_ST88        4.07%    passed     76.21%
 261  2592_ERX455866_ST3091      5.05%    passed     84.73%
 262  9554_ERX552134_ST3778      2.94%    passed     95.92%
 263  3441_ERX556673_ST3691      5.64%    passed     88.13%
 264  3701_ERX910048_ST152      16.38%    passed     57.73%
 265  23942_ERX1033560_ST126     4.00%    passed     99.40%
 266  7804_ERX385144_ST3454      6.12%    passed     80.55%
 267  1303_ERX186305_ST3133      6.95%    passed     45.64%
 268  3429_ERX556658_ST3760      3.85%    passed     97.43%
 269  2955_ERX490303_ST3837      5.85%    passed     94.56%
 270  4179_SRX1051493_ST25       3.85%    passed     97.66%
 271  931_ERX147798_ST247        5.54%    passed     71.59%
 272  15210_ERX385391_ST81       5.64%    passed     88.81%
 273  973_ERX147854_ST2046       6.12%    passed     81.36%
 274  3759_ERX926370_ST3881      2.68%    passed     81.86%
 275  4141_SRX1051454_ST3468     5.65%    passed     84.42%
 276  9525_ERX551557_ST3774      6.12%    passed     81.48%
 277  979_ERX1492886_ST1583      6.95%    passed     46.01%
 278  375_ERX1027819_ST479       4.02%    passed     99.96%
 279  5564_ERX113350_ST830       5.54%    passed     73.93%
 280  7782_ERX385118_ST580      11.27%    passed     98.31%
 281  20395_SRX2369545_ST243    10.37%    passed      7.01%
 282  5401_ERX110870_ST94        5.54%    passed     72.73%
 283  1837_ERX276022_ST3139      6.95%    passed     45.78%
 284  4267_SRX476967_ST3781      5.54%    passed     73.02%
 285  20066_ERX212156_ST816      6.33%    passed     84.23%
 286  15215_ERX385397_ST3535     8.95%    passed     97.11%
 287  2807_ERX470753_ST3118      4.92%    passed     90.46%
 288  3098_ERX551171_ST3773     10.34%    passed     99.12%
 289  2350_ERX359306_ST2676      6.95%    passed     47.94%
 290  7898_ERX385356_ST3427      6.12%    passed     79.95%
 291  31710_ERX490131_ST1729     5.02%    passed     99.77%
 292  1677_ERX221148_ST398      10.34%    passed     99.06%
 293  1355_ERX186358_ST3093      5.02%    passed     99.86%
 294  641_ERX120683_ST1943       5.05%    passed     84.50%
 295  12080_ERX114014_ST3314     5.54%    passed     73.84%
 296  2925_ERX490270_ST2488      5.02%    passed     99.81%
 297  17790_SRX2219265_ST101     4.45%    passed     92.65%
 298  2630_ERX455904_ST2640      5.41%    passed     83.16%
 299  850_ERX139260_ST3107       6.95%    passed     45.75%
 300  841_ERX139249_ST1021       4.73%    passed     99.82%
 301  15086_ERX384694_ST2047     9.04%    passed     78.31%
 302  1756_ERX267645_ST2616      4.63%    passed     99.98%
 303  23097_SRX1051572_ST508    15.18%    failed      0.00%
 304  2834_ERX490145_ST3718      5.02%    passed     99.84%
 305  7870_ERX385312_ST1224      4.98%    passed     98.71%
 306  1714_ERX221198_ST1859      5.85%    passed     94.27%
 307  1765_ERX267656_ST3365      4.69%    passed     89.89%
 308  1754_ERX267643_ST1944      6.95%    passed     45.20%
 309  314_ERX094751_ST2893       6.12%    passed     81.48%
 310  2465_ERX359459_ST2826      5.85%    passed     94.13%
 311  409_ERX1033539_ST1570     10.34%    passed     98.96%
 312  3086_ERX551158_ST3798     10.35%    passed     99.17%
 313  4087_SRX1051398_ST3931     2.94%    passed     96.04%
 314  4123_SRX1051434_ST59       4.98%    passed     98.66%
 315  477_ERX104859_ST2371       6.12%    passed     80.02%
 316  790_ERX132327_ST2173       5.05%    passed     84.60%
 317  2410_ERX359396_ST3126      8.95%    passed     96.87%
 318  1716_ERX221200_ST3125      5.85%    passed     94.16%
 319  3427_ERX556656_ST1560     15.18%    failed      0.00%
 320  9533_ERX551816_ST3775      6.12%    passed     81.61%
 321  7893_ERX385348_ST3451      5.54%    passed     73.50%
 322  1562_ERX209383_ST3341      5.54%    passed     72.77%
 323  12327_ERX1269230_ST3792    5.54%    passed     72.38%
 324  661_ERX120705_ST2273       6.71%    passed     98.26%
 325  7790_ERX385128_ST3426      6.56%    passed     63.13%
 326  31755_ERX186615_ST1580     9.04%    passed     78.21%
 327  4084_SRX1051395_ST7        4.95%    passed     99.67%
 328  14692_ERX311502_ST3330     5.54%    passed     73.77%
 329  8015_ERX385528_ST1163      9.04%    passed     77.39%
 330  4188_SRX1051504_ST78       4.07%    passed     77.62%
 331  1117_ERX151999_ST3098     11.76%    passed     94.91%
 332  11801_ERX110677_ST230      5.54%    passed     73.05%
 333  7963_ERX385470_ST1535      5.65%    passed     84.32%
 334  1757_ERX267646_ST2361      5.05%    passed     84.96%
 335  1643_ERX212161_ST3113      6.12%    passed     81.42%
 336  3444_ERX556677_ST478       5.02%    passed     99.76%
 337  2365_ERX359322_ST3528      6.95%    passed     46.22%
 338  7786_ERX385123_ST646       5.54%    passed     73.29%
 339  2700_ERX460162_ST2257      6.12%    passed     80.54%
 340  4109_SRX1051420_ST50       5.02%    passed     99.57%
 341  23699_ERX385133_ST3464    15.18%    failed      0.00%
 342  12394_ERX1269476_ST3794   10.34%    passed     99.04%
 343  591_ERX110366_ST2905       2.94%    passed     95.55%
 344  3324_ERX552179_ST3780      2.94%    passed     96.01%
 345  11864_ERX110757_ST2750     5.86%    passed     88.40%
 346  1128_ERX152010_ST2573      6.95%    passed     45.62%
 347  15220_ERX385407_ST3536    15.18%    failed      0.00%
 348  31718_ERX490219_ST3800     5.02%    passed     99.87%
 349  37312_ERX676585_ST239     12.67%    passed     26.98%
 350  2618_ERX455892_ST1739      6.95%    passed     44.50%
 351  4290_SRX477027_ST45       13.73%    failed      1.54%
 352  3603_ERX556844_ST3820      5.02%    passed     99.87%
 353  17767_SRX2219190_ST5       2.94%    passed     96.42%
 354  1684_ERX221160_ST1126     11.15%    passed     13.83%
 355  14465_ERX204897_ST8        5.54%    passed     73.68%
 356  7822_ERX385253_ST3439      6.37%    passed     99.20%
 357  7993_ERX385504_ST3448      4.88%    passed     89.74%
 358  40636_ERX110351_ST605      9.04%    passed     78.40%
 359  7691_ERX376490_ST2445      5.65%    passed     84.39%
 360  27059_ERX376484_ST2444     9.04%    passed     80.16%
 361  4106_SRX1051417_ST12       6.37%    passed     99.11%
 362  3694_ERX910041_ST2126      5.65%    passed     85.93%
 363  2854_ERX490180_ST481       5.02%    passed     99.75%
 364  12495_ERX1285974_ST2533    8.99%    passed     95.55%
 365  1914_ERX284138_ST3101     10.34%    passed     99.01%
 366  31681_ERX490254_ST2491     5.02%    passed     99.84%
 367  1825_ERX276008_ST3122      6.12%    passed     81.67%
 368  4402_SRX886997_ST4159     10.34%    passed     99.07%
 369  549_ERX105473_ST105        2.94%    passed     96.04%
 370  849_ERX139259_ST3131       6.95%    passed     45.74%
 371  905_ERX139326_ST718        6.73%    passed     97.30%
 372  1002_ERX1492910_ST1571     6.95%    passed     46.63%
 373  3609_ERX556850_ST3765      6.95%    passed     45.83%
 374  6006_ERX139358_ST2188      5.54%    passed     73.45%
 375  3055_ERX551116_ST3768      2.94%    passed     95.78%
 376  2414_ERX359400_ST2508      4.90%    passed     98.79%
 377  1623_ERX212136_ST3115      6.95%    passed     46.03%
 378  7798_ERX385138_ST3441      6.12%    passed     81.05%
 379  2431_ERX359417_ST2944      6.95%    passed     47.53%
 380  1715_ERX221199_ST151       3.75%    passed     99.50%
****  TOTAL                      6.38%  15 sequences failed composition chi2 test (p-value<5%; df=3)
Alignment sites statistics printed to final-tree.alninfo
NOTE: minimal branch length is reduced to 0.000000142663 for long alignment

CHECKPOINT: Initial tree restored
Generating 1000 samples for ultrafast bootstrap (seed: 191660)...

NOTE: 716 MB RAM (0 GB) is required!
Estimate model parameters (epsilon = 0.100)
1. Initial log-likelihood: -1931658.314
2. Current log-likelihood: -1890781.191
3. Current log-likelihood: -1890778.232
4. Current log-likelihood: -1890778.048
Optimal log-likelihood: -1890778.008
Rate parameters:  A-C: 0.99552  A-G: 5.47095  A-T: 1.20041  C-G: 0.66885  C-T: 5.50611  G-T: 1.00000
Base frequencies:  A: 0.332  C: 0.169  G: 0.170  T: 0.330
Parameters optimization took 4 rounds (50.118 sec)
Computing ML distances based on estimated model parameters... 776.636 sec
Computing BIONJ tree...
0.266 seconds
Log-likelihood of BIONJ tree: -1896305.910
--------------------------------------------------------------------
|             INITIALIZING CANDIDATE TREE SET                      |
--------------------------------------------------------------------
Generating 98 parsimony trees... 530.727 second
Computing log-likelihood of 98 initial trees ... 198.009 seconds
Current best score: -1890711.060

Do NNI search on 20 best initial trees
Estimate model parameters (epsilon = 0.100)
BETTER TREE FOUND at iteration 1: -1890663.661
Estimate model parameters (epsilon = 0.100)
BETTER TREE FOUND at iteration 2: -1890660.515
Iteration 10 / LogL: -1890718.703 / Time: 0h:20m:3s
Iteration 20 / LogL: -1890845.893 / Time: 0h:25m:20s
Finish initializing candidate tree set (20)
Current best tree score: -1890660.515 / CPU time: 1375.390
Number of iterations: 20
--------------------------------------------------------------------
|               OPTIMIZING CANDIDATE TREE SET                      |
--------------------------------------------------------------------
Estimate model parameters (epsilon = 0.100)
BETTER TREE FOUND at iteration 29: -1890642.614
Iteration 30 / LogL: -1890692.323 / Time: 0h:29m:27s (1h:39m:43s left)
Estimate model parameters (epsilon = 0.100)
BETTER TREE FOUND at iteration 38: -1890637.400
Iteration 40 / LogL: -1890935.112 / Time: 0h:33m:9s (1h:22m:41s left)
Iteration 50 / LogL: -1891285.189 / Time: 0h:36m:49s (1h:5m:41s left)
Log-likelihood cutoff on original alignment: -1891087.733
UFBoot trees printed to final-tree.ufboot
Estimate model parameters (epsilon = 0.100)
BETTER TREE FOUND at iteration 52: -1890636.286
Iteration 60 / LogL: -1890684.965 / Time: 0h:40m:49s (1h:3m:16s left)
Iteration 70 / LogL: -1890707.595 / Time: 0h:44m:7s (0h:52m:9s left)
Iteration 80 / LogL: -1890647.880 / Time: 0h:47m:41s (0h:43m:14s left)
Iteration 90 / LogL: -1890726.096 / Time: 0h:51m:18s (0h:35m:34s left)
Iteration 100 / LogL: -1890848.361 / Time: 0h:54m:55s (0h:28m:43s left)
Log-likelihood cutoff on original alignment: -1891087.733
NOTE: Bootstrap correlation coefficient of split occurrence frequencies: 1.000
UFBoot trees printed to final-tree.ufboot
Estimate model parameters (epsilon = 0.100)
BETTER TREE FOUND at iteration 106: -1890591.042
Iteration 110 / LogL: -1890591.937 / Time: 0h:58m:35s (0h:51m:23s left)
Iteration 120 / LogL: -1890970.231 / Time: 1h:2m:30s (0h:45m:0s left)
Iteration 130 / LogL: -1890628.300 / Time: 1h:6m:9s (0h:38m:49s left)
Iteration 140 / LogL: -1891403.753 / Time: 1h:9m:47s (0h:33m:1s left)
Iteration 150 / LogL: -1890612.212 / Time: 1h:13m:30s (0h:27m:32s left)
Log-likelihood cutoff on original alignment: -1891087.733
UFBoot trees printed to final-tree.ufboot
Iteration 160 / LogL: -1890591.239 / Time: 1h:17m:32s (0h:22m:21s left)
Iteration 170 / LogL: -1890640.424 / Time: 1h:21m:4s (0h:17m:13s left)
Iteration 180 / LogL: -1891120.226 / Time: 1h:24m:40s (0h:12m:15s left)
Iteration 190 / LogL: -1890611.782 / Time: 1h:28m:15s (0h:7m:27s left)
Iteration 200 / LogL: -1896694.393 / Time: 1h:31m:53s (0h:2m:45s left)
Log-likelihood cutoff on original alignment: -1891087.733
NOTE: Bootstrap correlation coefficient of split occurrence frequencies: 0.998
UFBoot trees printed to final-tree.ufboot
TREE SEARCH COMPLETED AFTER 207 ITERATIONS / Time: 1h:34m:29s

--------------------------------------------------------------------
|                    FINALIZING TREE SEARCH                        |
--------------------------------------------------------------------
Performs final model parameters optimization
Estimate model parameters (epsilon = 0.010)
1. Initial log-likelihood: -1890591.042
Optimal log-likelihood: -1890591.033
Rate parameters:  A-C: 0.98833  A-G: 5.44925  A-T: 1.19453  C-G: 0.66781  C-T: 5.48539  G-T: 1.00000
Base frequencies:  A: 0.332  C: 0.169  G: 0.170  T: 0.330
Parameters optimization took 1 rounds (6.937 sec)
BEST SCORE FOUND : -1890591.033

Testing tree branches by SH-like aLRT with 1000 replicates...
209.375 sec.
Creating bootstrap support values...
Split supports printed to NEXUS file final-tree.splits.nex
Total tree length: 0.169

Total number of iterations: 207
CPU time used for tree search: 55629.220 sec (15h:27m:9s)
Wall-clock time used for tree search: 5523.117 sec (1h:32m:3s)
Total CPU time used: 59398.920 sec (16h:29m:58s)
Total wall-clock time used: 5887.146 sec (1h:38m:7s)
UFBoot trees printed to final-tree.ufboot

Computing bootstrap consensus tree...
Reading input file final-tree.splits.nex...
380 taxa and 1871 splits.
Consensus tree written to final-tree.contree
Reading input trees file final-tree.contree
Log-likelihood of consensus tree: -1890510.764

Analysis results written to: 
  IQ-TREE report:                final-tree.iqtree
  Maximum-likelihood tree:       final-tree.treefile
  Likelihood distances:          final-tree.mldist

Ultrafast bootstrap approximation results written to:
  Split support values:          final-tree.splits.nex
  Consensus tree:                final-tree.contree
  UFBoot trees:                  final-tree.ufboot
  Screen log file:               final-tree.log

Date and Time: Thu Apr 12 12:53:51 2018
